# JRE version: OpenJDK Runtime Environment (11.0.10) (build 11.0.10+0-b96-7249189)
# Java VM: OpenJDK 64-Bit Server VM (11.0.10+0-b96-7249189, mixed mode, tiered, compressed oops, g1 gc, windows-amd64)
Heap:
 garbage-first heap   total 524288K, used 394656K [0x0000000080000000, 0x0000000100000000)
  region size 1024K, 163 young (166912K), 13 survivors (13312K)
 Metaspace       used 130834K, capacity 134524K, committed 134860K, reserved 1167360K
  class space    used 16187K, capacity 17521K, committed 17612K, reserved 1048576K
GC Heap History (20 events):
Event: 30.923 GC heap before
{Heap before GC invocations=70 (full 0):
 garbage-first heap   total 524288K, used 458143K [0x0000000080000000, 0x0000000100000000)
  region size 1024K, 297 young (304128K), 10 survivors (10240K)
 Metaspace       used 107879K, capacity 110727K, committed 110924K, reserved 1144832K
  class space    used 13601K, capacity 14666K, committed 14668K, reserved 1048576K
}
Event: 30.934 GC heap after
{Heap after GC invocations=71 (full 0):
 garbage-first heap   total 524288K, used 163071K [0x0000000080000000, 0x0000000100000000)
  region size 1024K, 10 young (10240K), 10 survivors (10240K)
 Metaspace       used 107879K, capacity 110727K, committed 110924K, reserved 1144832K
  class space    used 13601K, capacity 14666K, committed 14668K, reserved 1048576K
}
Event: 31.722 GC heap before
{Heap before GC invocations=71 (full 0):
 garbage-first heap   total 524288K, used 459007K [0x0000000080000000, 0x0000000100000000)
  region size 1024K, 299 young (306176K), 10 survivors (10240K)
 Metaspace       used 107896K, capacity 110740K, committed 111052K, reserved 1144832K
  class space    used 13603K, capacity 14671K, committed 14796K, reserved 1048576K
}
Event: 31.736 GC heap after
{Heap after GC invocations=72 (full 0):
 garbage-first heap   total 524288K, used 164907K [0x0000000080000000, 0x0000000100000000)
  region size 1024K, 12 young (12288K), 12 survivors (12288K)
 Metaspace       used 107896K, capacity 110740K, committed 111052K, reserved 1144832K
  class space    used 13603K, capacity 14671K, committed 14796K, reserved 1048576K
}
Event: 32.901 GC heap before
{Heap before GC invocations=72 (full 0):
 garbage-first heap   total 524288K, used 460843K [0x0000000080000000, 0x0000000100000000)
  region size 1024K, 298 young (305152K), 12 survivors (12288K)
 Metaspace       used 107958K, capacity 110828K, committed 111052K, reserved 1144832K
  class space    used 13606K, capacity 14676K, committed 14796K, reserved 1048576K
}
Event: 32.914 GC heap after
{Heap after GC invocations=73 (full 0):
 garbage-first heap   total 524288K, used 164443K [0x0000000080000000, 0x0000000100000000)
  region size 1024K, 11 young (11264K), 11 survivors (11264K)
 Metaspace       used 107958K, capacity 110828K, committed 111052K, reserved 1144832K
  class space    used 13606K, capacity 14676K, committed 14796K, reserved 1048576K
}
Event: 33.641 GC heap before
{Heap before GC invocations=73 (full 0):
 garbage-first heap   total 524288K, used 458331K [0x0000000080000000, 0x0000000100000000)
  region size 1024K, 299 young (306176K), 11 survivors (11264K)
 Metaspace       used 107986K, capacity 110831K, committed 111052K, reserved 1144832K
  class space    used 13607K, capacity 14677K, committed 14796K, reserved 1048576K
}
Event: 33.663 GC heap after
{Heap after GC invocations=74 (full 0):
 garbage-first heap   total 524288K, used 173649K [0x0000000080000000, 0x0000000100000000)
  region size 1024K, 20 young (20480K), 20 survivors (20480K)
 Metaspace       used 107986K, capacity 110831K, committed 111052K, reserved 1144832K
  class space    used 13607K, capacity 14677K, committed 14796K, reserved 1048576K
}
Event: 34.724 GC heap before
{Heap before GC invocations=74 (full 0):
 garbage-first heap   total 524288K, used 450129K [0x0000000080000000, 0x0000000100000000)
  region size 1024K, 290 young (296960K), 20 survivors (20480K)
 Metaspace       used 107996K, capacity 110839K, committed 111052K, reserved 1144832K
  class space    used 13608K, capacity 14680K, committed 14796K, reserved 1048576K
}
Event: 34.743 GC heap after
{Heap after GC invocations=75 (full 0):
 garbage-first heap   total 524288K, used 169991K [0x0000000080000000, 0x0000000100000000)
  region size 1024K, 13 young (13312K), 13 survivors (13312K)
 Metaspace       used 107996K, capacity 110839K, committed 111052K, reserved 1144832K
  class space    used 13608K, capacity 14680K, committed 14796K, reserved 1048576K
}
Event: 35.747 GC heap before
{Heap before GC invocations=75 (full 0):
 garbage-first heap   total 524288K, used 451591K [0x0000000080000000, 0x0000000100000000)
  region size 1024K, 288 young (294912K), 13 survivors (13312K)
 Metaspace       used 108007K, capacity 110839K, committed 111052K, reserved 1144832K
  class space    used 13609K, capacity 14680K, committed 14796K, reserved 1048576K
}
Event: 35.762 GC heap after
{Heap after GC invocations=76 (full 0):
 garbage-first heap   total 524288K, used 168487K [0x0000000080000000, 0x0000000100000000)
  region size 1024K, 11 young (11264K), 11 survivors (11264K)
 Metaspace       used 108007K, capacity 110839K, committed 111052K, reserved 1144832K
  class space    used 13609K, capacity 14680K, committed 14796K, reserved 1048576K
}
Event: 37.266 GC heap before
{Heap before GC invocations=76 (full 0):
 garbage-first heap   total 524288K, used 469543K [0x0000000080000000, 0x0000000100000000)
  region size 1024K, 290 young (296960K), 11 survivors (11264K)
 Metaspace       used 110556K, capacity 113548K, committed 113612K, reserved 1148928K
  class space    used 13912K, capacity 15038K, committed 15052K, reserved 1048576K
}
Event: 37.303 GC heap after
{Heap after GC invocations=77 (full 0):
 garbage-first heap   total 524288K, used 203830K [0x0000000080000000, 0x0000000100000000)
  region size 1024K, 37 young (37888K), 37 survivors (37888K)
 Metaspace       used 110556K, capacity 113548K, committed 113612K, reserved 1148928K
  class space    used 13912K, capacity 15038K, committed 15052K, reserved 1048576K
}
Event: 39.441 GC heap before
{Heap before GC invocations=77 (full 0):
 garbage-first heap   total 524288K, used 436278K [0x0000000080000000, 0x0000000100000000)
  region size 1024K, 252 young (258048K), 37 survivors (37888K)
 Metaspace       used 115942K, capacity 119004K, committed 119244K, reserved 1153024K
  class space    used 14564K, capacity 15715K, committed 15820K, reserved 1048576K
}
Event: 39.506 GC heap after
{Heap after GC invocations=78 (full 0):
 garbage-first heap   total 524288K, used 212672K [0x0000000080000000, 0x0000000100000000)
  region size 1024K, 15 young (15360K), 15 survivors (15360K)
 Metaspace       used 115942K, capacity 119004K, committed 119244K, reserved 1153024K
  class space    used 14564K, capacity 15715K, committed 15820K, reserved 1048576K
}
Event: 46.182 GC heap before
{Heap before GC invocations=78 (full 0):
 garbage-first heap   total 524288K, used 424640K [0x0000000080000000, 0x0000000100000000)
  region size 1024K, 221 young (226304K), 15 survivors (15360K)
 Metaspace       used 124620K, capacity 127849K, committed 127948K, reserved 1161216K
  class space    used 15580K, capacity 16784K, committed 16844K, reserved 1048576K
}
Event: 46.201 GC heap after
{Heap after GC invocations=79 (full 0):
 garbage-first heap   total 524288K, used 222400K [0x0000000080000000, 0x0000000100000000)
  region size 1024K, 22 young (22528K), 22 survivors (22528K)
 Metaspace       used 124620K, capacity 127849K, committed 127948K, reserved 1161216K
  class space    used 15580K, capacity 16784K, committed 16844K, reserved 1048576K
}
Event: 58.072 GC heap before
{Heap before GC invocations=79 (full 0):
 garbage-first heap   total 524288K, used 449728K [0x0000000080000000, 0x0000000100000000)
  region size 1024K, 223 young (228352K), 22 survivors (22528K)
 Metaspace       used 129261K, capacity 132751K, committed 132940K, reserved 1165312K
  class space    used 16079K, capacity 17372K, committed 17484K, reserved 1048576K
}
Event: 58.092 GC heap after
{Heap after GC invocations=80 (full 0):
 garbage-first heap   total 524288K, used 225696K [0x0000000080000000, 0x0000000100000000)
  region size 1024K, 13 young (13312K), 13 survivors (13312K)
 Metaspace       used 129261K, capacity 132751K, committed 132940K, reserved 1165312K
  class space    used 16079K, capacity 17372K, committed 17484K, reserved 1048576K
}

